# JRE version: OpenJDK Runtime Environment (17.0.6) (build 17.0.6+0-b2043.56-10027231)
# Java VM: OpenJDK 64-Bit Server VM (17.0.6+0-b2043.56-10027231, mixed mode, tiered, compressed oops, compressed class ptrs, g1 gc, windows-amd64)
GC Precious Log:
 CPUs: 8 total, 8 available
 Memory: 20259M
 Large Page Support: Disabled
 NUMA Support: Disabled
 Compressed Oops: Enabled (32-bit)
 Heap Region Size: 1M
 Heap Min Capacity: 8M
 Heap Initial Capacity: 318M
 Heap Max Capacity: 1536M
 Pre-touch: Disabled
 Parallel Workers: 8
 Concurrent Workers: 2
 Concurrent Refinement Workers: 8
 Periodic GC: Disabled
Heap:
 garbage-first heap   total 273408K, used 176037K [0x00000000a0000000, 0x0000000100000000)
  region size 1024K, 12 young (12288K), 5 survivors (5120K)
 Metaspace       used 102370K, committed 103552K, reserved 1138688K
  class space    used 14103K, committed 14592K, reserved 1048576K
GC Heap History (20 events):
Event: 30.868 GC heap before
{Heap before GC invocations=65 (full 0):
 garbage-first heap   total 190464K, used 157567K [0x00000000a0000000, 0x0000000100000000)
  region size 1024K, 23 young (23552K), 4 survivors (4096K)
 Metaspace       used 94237K, committed 95232K, reserved 1138688K
  class space    used 12982K, committed 13376K, reserved 1048576K
}
Event: 30.875 GC heap after
{Heap after GC invocations=66 (full 0):
 garbage-first heap   total 190464K, used 139433K [0x00000000a0000000, 0x0000000100000000)
  region size 1024K, 2 young (2048K), 2 survivors (2048K)
 Metaspace       used 94237K, committed 95232K, reserved 1138688K
  class space    used 12982K, committed 13376K, reserved 1048576K
}
Event: 31.444 GC heap before
{Heap before GC invocations=66 (full 0):
 garbage-first heap   total 190464K, used 158889K [0x00000000a0000000, 0x0000000100000000)
  region size 1024K, 21 young (21504K), 2 survivors (2048K)
 Metaspace       used 97145K, committed 98176K, reserved 1138688K
  class space    used 13333K, committed 13760K, reserved 1048576K
}
Event: 31.448 GC heap after
{Heap after GC invocations=67 (full 0):
 garbage-first heap   total 190464K, used 140702K [0x00000000a0000000, 0x0000000100000000)
  region size 1024K, 3 young (3072K), 3 survivors (3072K)
 Metaspace       used 97145K, committed 98176K, reserved 1138688K
  class space    used 13333K, committed 13760K, reserved 1048576K
}
Event: 31.787 GC heap before
{Heap before GC invocations=67 (full 0):
 garbage-first heap   total 190464K, used 160158K [0x00000000a0000000, 0x0000000100000000)
  region size 1024K, 22 young (22528K), 3 survivors (3072K)
 Metaspace       used 98388K, committed 99392K, reserved 1138688K
  class space    used 13487K, committed 13888K, reserved 1048576K
}
Event: 31.793 GC heap after
{Heap after GC invocations=68 (full 0):
 garbage-first heap   total 190464K, used 142815K [0x00000000a0000000, 0x0000000100000000)
  region size 1024K, 3 young (3072K), 3 survivors (3072K)
 Metaspace       used 98388K, committed 99392K, reserved 1138688K
  class space    used 13487K, committed 13888K, reserved 1048576K
}
Event: 32.288 GC heap before
{Heap before GC invocations=68 (full 0):
 garbage-first heap   total 190464K, used 161247K [0x00000000a0000000, 0x0000000100000000)
  region size 1024K, 21 young (21504K), 3 survivors (3072K)
 Metaspace       used 99085K, committed 100096K, reserved 1138688K
  class space    used 13574K, committed 14016K, reserved 1048576K
}
Event: 32.293 GC heap after
{Heap after GC invocations=69 (full 0):
 garbage-first heap   total 190464K, used 146345K [0x00000000a0000000, 0x0000000100000000)
  region size 1024K, 3 young (3072K), 3 survivors (3072K)
 Metaspace       used 99085K, committed 100096K, reserved 1138688K
  class space    used 13574K, committed 14016K, reserved 1048576K
}
Event: 32.798 GC heap before
{Heap before GC invocations=69 (full 0):
 garbage-first heap   total 190464K, used 162729K [0x00000000a0000000, 0x0000000100000000)
  region size 1024K, 19 young (19456K), 3 survivors (3072K)
 Metaspace       used 99394K, committed 100416K, reserved 1138688K
  class space    used 13598K, committed 14016K, reserved 1048576K
}
Event: 32.810 GC heap after
{Heap after GC invocations=70 (full 0):
 garbage-first heap   total 190464K, used 151484K [0x00000000a0000000, 0x0000000100000000)
  region size 1024K, 3 young (3072K), 3 survivors (3072K)
 Metaspace       used 99394K, committed 100416K, reserved 1138688K
  class space    used 13598K, committed 14016K, reserved 1048576K
}
Event: 33.075 GC heap before
{Heap before GC invocations=70 (full 0):
 garbage-first heap   total 190464K, used 161724K [0x00000000a0000000, 0x0000000100000000)
  region size 1024K, 14 young (14336K), 3 survivors (3072K)
 Metaspace       used 99602K, committed 100672K, reserved 1138688K
  class space    used 13637K, committed 14080K, reserved 1048576K
}
Event: 33.082 GC heap after
{Heap after GC invocations=71 (full 0):
 garbage-first heap   total 190464K, used 154784K [0x00000000a0000000, 0x0000000100000000)
  region size 1024K, 2 young (2048K), 2 survivors (2048K)
 Metaspace       used 99602K, committed 100672K, reserved 1138688K
  class space    used 13637K, committed 14080K, reserved 1048576K
}
Event: 33.321 GC heap before
{Heap before GC invocations=71 (full 0):
 garbage-first heap   total 273408K, used 162976K [0x00000000a0000000, 0x0000000100000000)
  region size 1024K, 10 young (10240K), 2 survivors (2048K)
 Metaspace       used 99649K, committed 100736K, reserved 1138688K
  class space    used 13638K, committed 14080K, reserved 1048576K
}
Event: 33.327 GC heap after
{Heap after GC invocations=72 (full 0):
 garbage-first heap   total 273408K, used 157807K [0x00000000a0000000, 0x0000000100000000)
  region size 1024K, 2 young (2048K), 2 survivors (2048K)
 Metaspace       used 99649K, committed 100736K, reserved 1138688K
  class space    used 13638K, committed 14080K, reserved 1048576K
}
Event: 34.530 GC heap before
{Heap before GC invocations=73 (full 0):
 garbage-first heap   total 273408K, used 211055K [0x00000000a0000000, 0x0000000100000000)
  region size 1024K, 54 young (55296K), 2 survivors (2048K)
 Metaspace       used 100962K, committed 102080K, reserved 1138688K
  class space    used 13820K, committed 14272K, reserved 1048576K
}
Event: 34.545 GC heap after
{Heap after GC invocations=74 (full 0):
 garbage-first heap   total 273408K, used 166194K [0x00000000a0000000, 0x0000000100000000)
  region size 1024K, 7 young (7168K), 7 survivors (7168K)
 Metaspace       used 100962K, committed 102080K, reserved 1138688K
  class space    used 13820K, committed 14272K, reserved 1048576K
}
Event: 34.782 GC heap before
{Heap before GC invocations=74 (full 0):
 garbage-first heap   total 273408K, used 172338K [0x00000000a0000000, 0x0000000100000000)
  region size 1024K, 13 young (13312K), 7 survivors (7168K)
 Metaspace       used 101692K, committed 102848K, reserved 1138688K
  class space    used 13977K, committed 14464K, reserved 1048576K
}
Event: 34.794 GC heap after
{Heap after GC invocations=75 (full 0):
 garbage-first heap   total 273408K, used 166810K [0x00000000a0000000, 0x0000000100000000)
  region size 1024K, 2 young (2048K), 2 survivors (2048K)
 Metaspace       used 101692K, committed 102848K, reserved 1138688K
  class space    used 13977K, committed 14464K, reserved 1048576K
}
Event: 36.027 GC heap before
{Heap before GC invocations=75 (full 0):
 garbage-first heap   total 273408K, used 216986K [0x00000000a0000000, 0x0000000100000000)
  region size 1024K, 50 young (51200K), 2 survivors (2048K)
 Metaspace       used 101898K, committed 102976K, reserved 1138688K
  class space    used 14017K, committed 14464K, reserved 1048576K
}
Event: 36.032 GC heap after
{Heap after GC invocations=76 (full 0):
 garbage-first heap   total 273408K, used 169893K [0x00000000a0000000, 0x0000000100000000)
  region size 1024K, 5 young (5120K), 5 survivors (5120K)
 Metaspace       used 101898K, committed 102976K, reserved 1138688K
  class space    used 14017K, committed 14464K, reserved 1048576K
}

