# JRE version: OpenJDK Runtime Environment (17.0.6) (build 17.0.6+0-b2043.56-10027231)
# Java VM: OpenJDK 64-Bit Server VM (17.0.6+0-b2043.56-10027231, mixed mode, tiered, compressed oops, compressed class ptrs, g1 gc, windows-amd64)
GC Precious Log:
 CPUs: 8 total, 8 available
 Memory: 20259M
 Large Page Support: Disabled
 NUMA Support: Disabled
 Compressed Oops: Enabled (32-bit)
 Heap Region Size: 1M
 Heap Min Capacity: 8M
 Heap Initial Capacity: 318M
 Heap Max Capacity: 1536M
 Pre-touch: Disabled
 Parallel Workers: 8
 Concurrent Workers: 2
 Concurrent Refinement Workers: 8
 Periodic GC: Disabled
Heap:
 garbage-first heap   total 352256K, used 296909K [0x00000000a0000000, 0x0000000100000000)
  region size 1024K, 29 young (29696K), 6 survivors (6144K)
 Metaspace       used 109509K, committed 111232K, reserved 1146880K
  class space    used 15021K, committed 15808K, reserved 1048576K
GC Heap History (20 events):
Event: 24.307 GC heap before
{Heap before GC invocations=41 (full 0):
 garbage-first heap   total 352256K, used 294295K [0x00000000a0000000, 0x0000000100000000)
  region size 1024K, 67 young (68608K), 9 survivors (9216K)
 Metaspace       used 107789K, committed 109376K, reserved 1146880K
  class space    used 14816K, committed 15488K, reserved 1048576K
}
Event: 24.319 GC heap after
{Heap after GC invocations=42 (full 0):
 garbage-first heap   total 352256K, used 242562K [0x00000000a0000000, 0x0000000100000000)
  region size 1024K, 6 young (6144K), 6 survivors (6144K)
 Metaspace       used 107789K, committed 109376K, reserved 1146880K
  class space    used 14816K, committed 15488K, reserved 1048576K
}
Event: 24.830 GC heap before
{Heap before GC invocations=42 (full 0):
 garbage-first heap   total 352256K, used 296834K [0x00000000a0000000, 0x0000000100000000)
  region size 1024K, 60 young (61440K), 6 survivors (6144K)
 Metaspace       used 107922K, committed 109568K, reserved 1146880K
  class space    used 14830K, committed 15552K, reserved 1048576K
}
Event: 24.838 GC heap after
{Heap after GC invocations=43 (full 0):
 garbage-first heap   total 352256K, used 247163K [0x00000000a0000000, 0x0000000100000000)
  region size 1024K, 5 young (5120K), 5 survivors (5120K)
 Metaspace       used 107922K, committed 109568K, reserved 1146880K
  class space    used 14830K, committed 15552K, reserved 1048576K
}
Event: 25.318 GC heap before
{Heap before GC invocations=43 (full 0):
 garbage-first heap   total 352256K, used 298363K [0x00000000a0000000, 0x0000000100000000)
  region size 1024K, 56 young (57344K), 5 survivors (5120K)
 Metaspace       used 108026K, committed 109632K, reserved 1146880K
  class space    used 14849K, committed 15552K, reserved 1048576K
}
Event: 25.324 GC heap after
{Heap after GC invocations=44 (full 0):
 garbage-first heap   total 352256K, used 250237K [0x00000000a0000000, 0x0000000100000000)
  region size 1024K, 4 young (4096K), 4 survivors (4096K)
 Metaspace       used 108026K, committed 109632K, reserved 1146880K
  class space    used 14849K, committed 15552K, reserved 1048576K
}
Event: 25.540 GC heap before
{Heap before GC invocations=44 (full 0):
 garbage-first heap   total 352256K, used 299389K [0x00000000a0000000, 0x0000000100000000)
  region size 1024K, 53 young (54272K), 4 survivors (4096K)
 Metaspace       used 108041K, committed 109696K, reserved 1146880K
  class space    used 14850K, committed 15552K, reserved 1048576K
}
Event: 25.545 GC heap after
{Heap after GC invocations=45 (full 0):
 garbage-first heap   total 352256K, used 252468K [0x00000000a0000000, 0x0000000100000000)
  region size 1024K, 6 young (6144K), 6 survivors (6144K)
 Metaspace       used 108041K, committed 109696K, reserved 1146880K
  class space    used 14850K, committed 15552K, reserved 1048576K
}
Event: 25.764 GC heap before
{Heap before GC invocations=45 (full 0):
 garbage-first heap   total 352256K, used 301620K [0x00000000a0000000, 0x0000000100000000)
  region size 1024K, 55 young (56320K), 6 survivors (6144K)
 Metaspace       used 108100K, committed 109760K, reserved 1146880K
  class space    used 14858K, committed 15552K, reserved 1048576K
}
Event: 25.772 GC heap after
{Heap after GC invocations=46 (full 0):
 garbage-first heap   total 352256K, used 255555K [0x00000000a0000000, 0x0000000100000000)
  region size 1024K, 6 young (6144K), 6 survivors (6144K)
 Metaspace       used 108100K, committed 109760K, reserved 1146880K
  class space    used 14858K, committed 15552K, reserved 1048576K
}
Event: 26.610 GC heap before
{Heap before GC invocations=46 (full 0):
 garbage-first heap   total 352256K, used 303683K [0x00000000a0000000, 0x0000000100000000)
  region size 1024K, 54 young (55296K), 6 survivors (6144K)
 Metaspace       used 108516K, committed 110144K, reserved 1146880K
  class space    used 14922K, committed 15616K, reserved 1048576K
}
Event: 26.620 GC heap after
{Heap after GC invocations=47 (full 0):
 garbage-first heap   total 352256K, used 258791K [0x00000000a0000000, 0x0000000100000000)
  region size 1024K, 7 young (7168K), 7 survivors (7168K)
 Metaspace       used 108516K, committed 110144K, reserved 1146880K
  class space    used 14922K, committed 15616K, reserved 1048576K
}
Event: 27.070 GC heap before
{Heap before GC invocations=47 (full 0):
 garbage-first heap   total 352256K, used 303847K [0x00000000a0000000, 0x0000000100000000)
  region size 1024K, 52 young (53248K), 7 survivors (7168K)
 Metaspace       used 108589K, committed 110208K, reserved 1146880K
  class space    used 14923K, committed 15616K, reserved 1048576K
}
Event: 27.077 GC heap after
{Heap after GC invocations=48 (full 0):
 garbage-first heap   total 352256K, used 261292K [0x00000000a0000000, 0x0000000100000000)
  region size 1024K, 6 young (6144K), 6 survivors (6144K)
 Metaspace       used 108589K, committed 110208K, reserved 1146880K
  class space    used 14923K, committed 15616K, reserved 1048576K
}
Event: 300.043 GC heap before
{Heap before GC invocations=48 (full 0):
 garbage-first heap   total 352256K, used 305324K [0x00000000a0000000, 0x0000000100000000)
  region size 1024K, 50 young (51200K), 6 survivors (6144K)
 Metaspace       used 109183K, committed 110912K, reserved 1146880K
  class space    used 15001K, committed 15744K, reserved 1048576K
}
Event: 300.050 GC heap after
{Heap after GC invocations=49 (full 0):
 garbage-first heap   total 352256K, used 264322K [0x00000000a0000000, 0x0000000100000000)
  region size 1024K, 6 young (6144K), 6 survivors (6144K)
 Metaspace       used 109183K, committed 110912K, reserved 1146880K
  class space    used 15001K, committed 15744K, reserved 1048576K
}
Event: 300.745 GC heap before
{Heap before GC invocations=49 (full 0):
 garbage-first heap   total 352256K, used 305282K [0x00000000a0000000, 0x0000000100000000)
  region size 1024K, 47 young (48128K), 6 survivors (6144K)
 Metaspace       used 109324K, committed 110976K, reserved 1146880K
  class space    used 15006K, committed 15744K, reserved 1048576K
}
Event: 300.752 GC heap after
{Heap after GC invocations=50 (full 0):
 garbage-first heap   total 352256K, used 268651K [0x00000000a0000000, 0x0000000100000000)
  region size 1024K, 6 young (6144K), 6 survivors (6144K)
 Metaspace       used 109324K, committed 110976K, reserved 1146880K
  class space    used 15006K, committed 15744K, reserved 1048576K
}
Event: 301.266 GC heap before
{Heap before GC invocations=50 (full 0):
 garbage-first heap   total 352256K, used 303467K [0x00000000a0000000, 0x0000000100000000)
  region size 1024K, 41 young (41984K), 6 survivors (6144K)
 Metaspace       used 109455K, committed 111104K, reserved 1146880K
  class space    used 15016K, committed 15744K, reserved 1048576K
}
Event: 301.274 GC heap after
{Heap after GC invocations=51 (full 0):
 garbage-first heap   total 352256K, used 274381K [0x00000000a0000000, 0x0000000100000000)
  region size 1024K, 6 young (6144K), 6 survivors (6144K)
 Metaspace       used 109455K, committed 111104K, reserved 1146880K
  class space    used 15016K, committed 15744K, reserved 1048576K
}

